# JRE version: OpenJDK Runtime Environment Temurin-21.0.7+6 (21.0.7+6) (build 21.0.7+6-LTS)
# Java VM: OpenJDK 64-Bit Server VM Temurin-21.0.7+6 (21.0.7+6-LTS, mixed mode, sharing, tiered, compressed oops, compressed class ptrs, parallel gc, windows-amd64)
GC Precious Log:
 CardTable entry size: 512
 CPUs: 12 total, 12 available
 Memory: 16236M
 Large Page Support: Disabled
 NUMA Support: Disabled
 Compressed Oops: Enabled (32-bit)
 Alignments: Space 512K, Generation 512K, Heap 2M
 Heap Min Capacity: 100M
 Heap Initial Capacity: 100M
 Heap Max Capacity: 2G
 Pre-touch: Disabled
 Parallel Workers: 10
Heap:
 PSYoungGen      total 24064K, used 23623K [0x00000000d5580000, 0x00000000d7100000, 0x0000000100000000)
  eden space 19968K, 100% used [0x00000000d5580000,0x00000000d6900000,0x00000000d6900000)
  from space 4096K, 89% used [0x00000000d6d00000,0x00000000d7091f38,0x00000000d7100000)
  to   space 4096K, 0% used [0x00000000d6900000,0x00000000d6900000,0x00000000d6d00000)
 ParOldGen       total 82432K, used 81925K [0x0000000080000000, 0x0000000085080000, 0x00000000d5580000)
  object space 82432K, 99% used [0x0000000080000000,0x00000000850014b8,0x0000000085080000)
 Metaspace       used 50456K, committed 51648K, reserved 1114112K
  class space    used 5331K, committed 5888K, reserved 1048576K
GC Heap History (20 events):
Event: 5.635 GC heap before
{Heap before GC invocations=35 (full 2):
 PSYoungGen      total 16896K, used 16449K [0x00000000d5580000, 0x00000000d6980000, 0x0000000100000000)
  eden space 14336K, 100% used [0x00000000d5580000,0x00000000d6380000,0x00000000d6380000)
  from space 2560K, 82% used [0x00000000d6700000,0x00000000d6910540,0x00000000d6980000)
  to   space 2560K, 0% used [0x00000000d6380000,0x00000000d6380000,0x00000000d6600000)
 ParOldGen       total 68608K, used 53345K [0x0000000080000000, 0x0000000084300000, 0x00000000d5580000)
  object space 68608K, 77% used [0x0000000080000000,0x0000000083418568,0x0000000084300000)
 Metaspace       used 48237K, committed 49472K, reserved 1114112K
  class space    used 5063K, committed 5632K, reserved 1048576K
}
Event: 5.638 GC heap after
{Heap after GC invocations=35 (full 2):
 PSYoungGen      total 16896K, used 2533K [0x00000000d5580000, 0x00000000d6f80000, 0x0000000100000000)
  eden space 14336K, 0% used [0x00000000d5580000,0x00000000d5580000,0x00000000d6380000)
  from space 2560K, 98% used [0x00000000d6380000,0x00000000d65f9440,0x00000000d6600000)
  to   space 6144K, 0% used [0x00000000d6980000,0x00000000d6980000,0x00000000d6f80000)
 ParOldGen       total 68608K, used 55937K [0x0000000080000000, 0x0000000084300000, 0x00000000d5580000)
  object space 68608K, 81% used [0x0000000080000000,0x00000000836a0478,0x0000000084300000)
 Metaspace       used 48237K, committed 49472K, reserved 1114112K
  class space    used 5063K, committed 5632K, reserved 1048576K
}
Event: 5.679 GC heap before
{Heap before GC invocations=36 (full 2):
 PSYoungGen      total 16896K, used 16869K [0x00000000d5580000, 0x00000000d6f80000, 0x0000000100000000)
  eden space 14336K, 100% used [0x00000000d5580000,0x00000000d6380000,0x00000000d6380000)
  from space 2560K, 98% used [0x00000000d6380000,0x00000000d65f9440,0x00000000d6600000)
  to   space 6144K, 0% used [0x00000000d6980000,0x00000000d6980000,0x00000000d6f80000)
 ParOldGen       total 68608K, used 55937K [0x0000000080000000, 0x0000000084300000, 0x00000000d5580000)
  object space 68608K, 81% used [0x0000000080000000,0x00000000836a0478,0x0000000084300000)
 Metaspace       used 48386K, committed 49728K, reserved 1114112K
  class space    used 5085K, committed 5696K, reserved 1048576K
}
Event: 5.689 GC heap after
{Heap after GC invocations=36 (full 2):
 PSYoungGen      total 17920K, used 3373K [0x00000000d5580000, 0x00000000d6d00000, 0x0000000100000000)
  eden space 14336K, 0% used [0x00000000d5580000,0x00000000d5580000,0x00000000d6380000)
  from space 3584K, 94% used [0x00000000d6980000,0x00000000d6ccb4b8,0x00000000d6d00000)
  to   space 4096K, 0% used [0x00000000d6500000,0x00000000d6500000,0x00000000d6900000)
 ParOldGen       total 68608K, used 58169K [0x0000000080000000, 0x0000000084300000, 0x00000000d5580000)
  object space 68608K, 84% used [0x0000000080000000,0x00000000838ce7c8,0x0000000084300000)
 Metaspace       used 48386K, committed 49728K, reserved 1114112K
  class space    used 5085K, committed 5696K, reserved 1048576K
}
Event: 5.736 GC heap before
{Heap before GC invocations=37 (full 2):
 PSYoungGen      total 17920K, used 17709K [0x00000000d5580000, 0x00000000d6d00000, 0x0000000100000000)
  eden space 14336K, 100% used [0x00000000d5580000,0x00000000d6380000,0x00000000d6380000)
  from space 3584K, 94% used [0x00000000d6980000,0x00000000d6ccb4b8,0x00000000d6d00000)
  to   space 4096K, 0% used [0x00000000d6500000,0x00000000d6500000,0x00000000d6900000)
 ParOldGen       total 68608K, used 58169K [0x0000000080000000, 0x0000000084300000, 0x00000000d5580000)
  object space 68608K, 84% used [0x0000000080000000,0x00000000838ce7c8,0x0000000084300000)
 Metaspace       used 48914K, committed 50240K, reserved 1114112K
  class space    used 5147K, committed 5760K, reserved 1048576K
}
Event: 5.739 GC heap after
{Heap after GC invocations=37 (full 2):
 PSYoungGen      total 17408K, used 2995K [0x00000000d5580000, 0x00000000d6a80000, 0x0000000100000000)
  eden space 14336K, 0% used [0x00000000d5580000,0x00000000d5580000,0x00000000d6380000)
  from space 3072K, 97% used [0x00000000d6500000,0x00000000d67ecdd8,0x00000000d6800000)
  to   space 2560K, 0% used [0x00000000d6800000,0x00000000d6800000,0x00000000d6a80000)
 ParOldGen       total 68608K, used 61295K [0x0000000080000000, 0x0000000084300000, 0x00000000d5580000)
  object space 68608K, 89% used [0x0000000080000000,0x0000000083bdbc18,0x0000000084300000)
 Metaspace       used 48914K, committed 50240K, reserved 1114112K
  class space    used 5147K, committed 5760K, reserved 1048576K
}
Event: 5.791 GC heap before
{Heap before GC invocations=38 (full 2):
 PSYoungGen      total 17408K, used 17331K [0x00000000d5580000, 0x00000000d6a80000, 0x0000000100000000)
  eden space 14336K, 100% used [0x00000000d5580000,0x00000000d6380000,0x00000000d6380000)
  from space 3072K, 97% used [0x00000000d6500000,0x00000000d67ecdd8,0x00000000d6800000)
  to   space 2560K, 0% used [0x00000000d6800000,0x00000000d6800000,0x00000000d6a80000)
 ParOldGen       total 68608K, used 61295K [0x0000000080000000, 0x0000000084300000, 0x00000000d5580000)
  object space 68608K, 89% used [0x0000000080000000,0x0000000083bdbc18,0x0000000084300000)
 Metaspace       used 49349K, committed 50624K, reserved 1114112K
  class space    used 5195K, committed 5760K, reserved 1048576K
}
Event: 5.809 GC heap after
{Heap after GC invocations=38 (full 2):
 PSYoungGen      total 15360K, used 2553K [0x00000000d5580000, 0x00000000d6f80000, 0x0000000100000000)
  eden space 12800K, 0% used [0x00000000d5580000,0x00000000d5580000,0x00000000d6200000)
  from space 2560K, 99% used [0x00000000d6800000,0x00000000d6a7e4f8,0x00000000d6a80000)
  to   space 6144K, 0% used [0x00000000d6200000,0x00000000d6200000,0x00000000d6800000)
 ParOldGen       total 68608K, used 64048K [0x0000000080000000, 0x0000000084300000, 0x00000000d5580000)
  object space 68608K, 93% used [0x0000000080000000,0x0000000083e8c3e8,0x0000000084300000)
 Metaspace       used 49349K, committed 50624K, reserved 1114112K
  class space    used 5195K, committed 5760K, reserved 1048576K
}
Event: 5.843 GC heap before
{Heap before GC invocations=39 (full 2):
 PSYoungGen      total 15360K, used 15353K [0x00000000d5580000, 0x00000000d6f80000, 0x0000000100000000)
  eden space 12800K, 100% used [0x00000000d5580000,0x00000000d6200000,0x00000000d6200000)
  from space 2560K, 99% used [0x00000000d6800000,0x00000000d6a7e4f8,0x00000000d6a80000)
  to   space 6144K, 0% used [0x00000000d6200000,0x00000000d6200000,0x00000000d6800000)
 ParOldGen       total 68608K, used 64048K [0x0000000080000000, 0x0000000084300000, 0x00000000d5580000)
  object space 68608K, 93% used [0x0000000080000000,0x0000000083e8c3e8,0x0000000084300000)
 Metaspace       used 49565K, committed 50880K, reserved 1114112K
  class space    used 5222K, committed 5824K, reserved 1048576K
}
Event: 5.846 GC heap after
{Heap after GC invocations=39 (full 2):
 PSYoungGen      total 15872K, used 2763K [0x00000000d5580000, 0x00000000d6a00000, 0x0000000100000000)
  eden space 12800K, 0% used [0x00000000d5580000,0x00000000d5580000,0x00000000d6200000)
  from space 3072K, 89% used [0x00000000d6200000,0x00000000d64b2f80,0x00000000d6500000)
  to   space 4096K, 0% used [0x00000000d6600000,0x00000000d6600000,0x00000000d6a00000)
 ParOldGen       total 68608K, used 66430K [0x0000000080000000, 0x0000000084300000, 0x00000000d5580000)
  object space 68608K, 96% used [0x0000000080000000,0x00000000840df880,0x0000000084300000)
 Metaspace       used 49565K, committed 50880K, reserved 1114112K
  class space    used 5222K, committed 5824K, reserved 1048576K
}
Event: 5.898 GC heap before
{Heap before GC invocations=40 (full 2):
 PSYoungGen      total 15872K, used 15563K [0x00000000d5580000, 0x00000000d6a00000, 0x0000000100000000)
  eden space 12800K, 100% used [0x00000000d5580000,0x00000000d6200000,0x00000000d6200000)
  from space 3072K, 89% used [0x00000000d6200000,0x00000000d64b2f80,0x00000000d6500000)
  to   space 4096K, 0% used [0x00000000d6600000,0x00000000d6600000,0x00000000d6a00000)
 ParOldGen       total 68608K, used 66430K [0x0000000080000000, 0x0000000084300000, 0x00000000d5580000)
  object space 68608K, 96% used [0x0000000080000000,0x00000000840df880,0x0000000084300000)
 Metaspace       used 49684K, committed 51008K, reserved 1114112K
  class space    used 5238K, committed 5824K, reserved 1048576K
}
Event: 5.911 GC heap after
{Heap after GC invocations=40 (full 2):
 PSYoungGen      total 15872K, used 2978K [0x00000000d5580000, 0x00000000d6900000, 0x0000000100000000)
  eden space 12800K, 0% used [0x00000000d5580000,0x00000000d5580000,0x00000000d6200000)
  from space 3072K, 96% used [0x00000000d6600000,0x00000000d68e8b90,0x00000000d6900000)
  to   space 3072K, 0% used [0x00000000d6200000,0x00000000d6200000,0x00000000d6500000)
 ParOldGen       total 69120K, used 69002K [0x0000000080000000, 0x0000000084380000, 0x00000000d5580000)
  object space 69120K, 99% used [0x0000000080000000,0x0000000084362998,0x0000000084380000)
 Metaspace       used 49684K, committed 51008K, reserved 1114112K
  class space    used 5238K, committed 5824K, reserved 1048576K
}
Event: 5.952 GC heap before
{Heap before GC invocations=41 (full 2):
 PSYoungGen      total 15872K, used 15778K [0x00000000d5580000, 0x00000000d6900000, 0x0000000100000000)
  eden space 12800K, 100% used [0x00000000d5580000,0x00000000d6200000,0x00000000d6200000)
  from space 3072K, 96% used [0x00000000d6600000,0x00000000d68e8b90,0x00000000d6900000)
  to   space 3072K, 0% used [0x00000000d6200000,0x00000000d6200000,0x00000000d6500000)
 ParOldGen       total 69120K, used 69002K [0x0000000080000000, 0x0000000084380000, 0x00000000d5580000)
  object space 69120K, 99% used [0x0000000080000000,0x0000000084362998,0x0000000084380000)
 Metaspace       used 49710K, committed 51008K, reserved 1114112K
  class space    used 5240K, committed 5824K, reserved 1048576K
}
Event: 5.995 GC heap after
{Heap after GC invocations=41 (full 2):
 PSYoungGen      total 15872K, used 3053K [0x00000000d5580000, 0x00000000d7000000, 0x0000000100000000)
  eden space 12800K, 0% used [0x00000000d5580000,0x00000000d5580000,0x00000000d6200000)
  from space 3072K, 99% used [0x00000000d6200000,0x00000000d64fb5d0,0x00000000d6500000)
  to   space 7168K, 0% used [0x00000000d6900000,0x00000000d6900000,0x00000000d7000000)
 ParOldGen       total 72192K, used 72092K [0x0000000080000000, 0x0000000084680000, 0x00000000d5580000)
  object space 72192K, 99% used [0x0000000080000000,0x0000000084667220,0x0000000084680000)
 Metaspace       used 49710K, committed 51008K, reserved 1114112K
  class space    used 5240K, committed 5824K, reserved 1048576K
}
Event: 6.043 GC heap before
{Heap before GC invocations=42 (full 2):
 PSYoungGen      total 15872K, used 15853K [0x00000000d5580000, 0x00000000d7000000, 0x0000000100000000)
  eden space 12800K, 100% used [0x00000000d5580000,0x00000000d6200000,0x00000000d6200000)
  from space 3072K, 99% used [0x00000000d6200000,0x00000000d64fb5d0,0x00000000d6500000)
  to   space 7168K, 0% used [0x00000000d6900000,0x00000000d6900000,0x00000000d7000000)
 ParOldGen       total 72192K, used 72092K [0x0000000080000000, 0x0000000084680000, 0x00000000d5580000)
  object space 72192K, 99% used [0x0000000080000000,0x0000000084667220,0x0000000084680000)
 Metaspace       used 49860K, committed 51136K, reserved 1114112K
  class space    used 5256K, committed 5824K, reserved 1048576K
}
Event: 6.076 GC heap after
{Heap after GC invocations=42 (full 2):
 PSYoungGen      total 20992K, used 2912K [0x00000000d5580000, 0x00000000d6e00000, 0x0000000100000000)
  eden space 15872K, 0% used [0x00000000d5580000,0x00000000d5580000,0x00000000d6500000)
  from space 5120K, 56% used [0x00000000d6900000,0x00000000d6bd8000,0x00000000d6e00000)
  to   space 4096K, 0% used [0x00000000d6500000,0x00000000d6500000,0x00000000d6900000)
 ParOldGen       total 76288K, used 75896K [0x0000000080000000, 0x0000000084a80000, 0x00000000d5580000)
  object space 76288K, 99% used [0x0000000080000000,0x0000000084a1e3c0,0x0000000084a80000)
 Metaspace       used 49860K, committed 51136K, reserved 1114112K
  class space    used 5256K, committed 5824K, reserved 1048576K
}
Event: 6.124 GC heap before
{Heap before GC invocations=43 (full 2):
 PSYoungGen      total 20992K, used 18784K [0x00000000d5580000, 0x00000000d6e00000, 0x0000000100000000)
  eden space 15872K, 100% used [0x00000000d5580000,0x00000000d6500000,0x00000000d6500000)
  from space 5120K, 56% used [0x00000000d6900000,0x00000000d6bd8000,0x00000000d6e00000)
  to   space 4096K, 0% used [0x00000000d6500000,0x00000000d6500000,0x00000000d6900000)
 ParOldGen       total 76288K, used 75896K [0x0000000080000000, 0x0000000084a80000, 0x00000000d5580000)
  object space 76288K, 99% used [0x0000000080000000,0x0000000084a1e3c0,0x0000000084a80000)
 Metaspace       used 50071K, committed 51328K, reserved 1114112K
  class space    used 5285K, committed 5888K, reserved 1048576K
}
Event: 6.175 GC heap after
{Heap after GC invocations=43 (full 2):
 PSYoungGen      total 19968K, used 3587K [0x00000000d5580000, 0x00000000d7100000, 0x0000000100000000)
  eden space 15872K, 0% used [0x00000000d5580000,0x00000000d5580000,0x00000000d6500000)
  from space 4096K, 87% used [0x00000000d6500000,0x00000000d6880ee0,0x00000000d6900000)
  to   space 4096K, 0% used [0x00000000d6d00000,0x00000000d6d00000,0x00000000d7100000)
 ParOldGen       total 78848K, used 78567K [0x0000000080000000, 0x0000000084d00000, 0x00000000d5580000)
  object space 78848K, 99% used [0x0000000080000000,0x0000000084cb9d00,0x0000000084d00000)
 Metaspace       used 50071K, committed 51328K, reserved 1114112K
  class space    used 5285K, committed 5888K, reserved 1048576K
}
Event: 6.214 GC heap before
{Heap before GC invocations=44 (full 2):
 PSYoungGen      total 19968K, used 19459K [0x00000000d5580000, 0x00000000d7100000, 0x0000000100000000)
  eden space 15872K, 100% used [0x00000000d5580000,0x00000000d6500000,0x00000000d6500000)
  from space 4096K, 87% used [0x00000000d6500000,0x00000000d6880ee0,0x00000000d6900000)
  to   space 4096K, 0% used [0x00000000d6d00000,0x00000000d6d00000,0x00000000d7100000)
 ParOldGen       total 78848K, used 78567K [0x0000000080000000, 0x0000000084d00000, 0x00000000d5580000)
  object space 78848K, 99% used [0x0000000080000000,0x0000000084cb9d00,0x0000000084d00000)
 Metaspace       used 50172K, committed 51456K, reserved 1114112K
  class space    used 5300K, committed 5888K, reserved 1048576K
}
Event: 6.258 GC heap after
{Heap after GC invocations=44 (full 2):
 PSYoungGen      total 24064K, used 3655K [0x00000000d5580000, 0x00000000d7100000, 0x0000000100000000)
  eden space 19968K, 0% used [0x00000000d5580000,0x00000000d5580000,0x00000000d6900000)
  from space 4096K, 89% used [0x00000000d6d00000,0x00000000d7091f38,0x00000000d7100000)
  to   space 4096K, 0% used [0x00000000d6900000,0x00000000d6900000,0x00000000d6d00000)
 ParOldGen       total 82432K, used 81925K [0x0000000080000000, 0x0000000085080000, 0x00000000d5580000)
  object space 82432K, 99% used [0x0000000080000000,0x00000000850014b8,0x0000000085080000)
 Metaspace       used 50172K, committed 51456K, reserved 1114112K
  class space    used 5300K, committed 5888K, reserved 1048576K
}

